2023-01-03 23:10:07,294 (DataPreprocessing) INFO Data File before handling missing data
2023-01-03 23:11:33,567 (DataPreprocessing) INFO Data File before handling missing data
2023-01-03 23:13:24,658 (DataPreprocessing) INFO Data File before handling missing data
2023-01-03 23:14:32,664 (DataPreprocessing) INFO Data File before handling missing data
2023-01-03 23:14:53,345 (DataPreprocessing) INFO Data File before handling missing data
2023-01-03 23:15:10,805 (DataPreprocessing) INFO Data File before handling missing data
2023-01-03 23:32:29,251 (DataPreprocessing) INFO Data File before handling missing data
2023-01-03 23:34:04,967 (DataPreprocessing) INFO Data File before handling missing data
2023-01-03 23:34:04,983 (DataPreprocessing) INFO Data File After handling missing data
2023-01-04 11:49:05,534 (DataPreprocessing) INFO Data File before handling missing data
2023-01-04 11:49:05,572 (DataPreprocessing) INFO Data File After handling missing data
2023-01-04 12:03:30,654 (DataPreprocessing) INFO Data File before handling missing data
2023-01-04 12:03:30,676 (DataPreprocessing) INFO Data File After handling missing data
2023-01-04 12:17:18,676 (DataPreprocessing) INFO Data File before handling missing data
2023-01-04 12:17:18,700 (DataPreprocessing) INFO Data File After handling missing data
2023-01-04 12:23:02,633 (DataPreprocessing) INFO Data File before handling missing data
2023-01-04 12:23:02,657 (DataPreprocessing) INFO Data File After handling missing data
2023-01-04 12:31:27,953 (DataPreprocessing) INFO Data File before handling missing data
2023-01-04 12:31:27,972 (DataPreprocessing) INFO Data File After handling missing data
2023-01-04 12:56:43,827 (DataPreprocessing) INFO Train dataframe
2023-01-04 12:56:43,845 (DataPreprocessing) INFO Test dataframe
2023-01-04 13:07:39,883 (DataPreprocessing) INFO Data File before handling missing data
2023-01-04 13:07:39,901 (DataPreprocessing) INFO Data File After handling missing data
2023-01-04 13:07:40,029 (DataPreprocessing) INFO Train dataframe
2023-01-04 13:07:40,048 (DataPreprocessing) INFO Test dataframe
2023-01-04 13:07:40,135 (DataPreprocessing) INFO [[0.7199314321591973, 0.7110127588722817, 1.161895003862225, -0.6210590034081188, -0.6210590034081188, 0.9486832980505138, -0.9486832980505138], [-1.6236751448696793, -1.3643758345927557, -0.7745966692414835, -0.6210590034081188, 1.4491376746189437, -0.9486832980505138, 0.9486832980505138], [-1.2100975136292893, -0.8455286862264964, -0.7745966692414835, 1.449137674618944, -0.6210590034081188, 0.9486832980505138, -0.9486832980505138], [-0.1072238303215827, -0.24020701313252713, -0.7745966692414835, -0.6210590034081188, 1.4491376746189437, 0.9486832980505138, -0.9486832980505138], [0.16849459050534396, 6.291849766254737e-16, -0.7745966692414835, 1.449137674618944, -0.6210590034081188, -0.9486832980505138, 0.9486832980505138], [-0.5208014615619727, -0.4996305873156568, 1.161895003862225, -0.6210590034081188, -0.6210590034081188, -0.9486832980505138, 0.9486832980505138], [0.0, -1.0184777356819161, -0.7745966692414835, -0.6210590034081188, 1.4491376746189437, 0.9486832980505138, -0.9486832980505138], [1.2713682738130507, 1.3163344319662509, 1.161895003862225, -0.6210590034081188, -0.6210590034081188, -0.9486832980505138, 0.9486832980505138], [1.5470866946399773, 1.6622325308770904, -0.7745966692414835, 1.449137674618944, -0.6210590034081188, 0.9486832980505138, -0.9486832980505138], [-0.24508304073504605, 0.2786401352337322, 1.161895003862225, -0.6210590034081188, -0.6210590034081188, -0.9486832980505138, 0.9486832980505138]]
2023-01-04 13:08:12,127 (DataPreprocessing) INFO Data File before handling missing data
2023-01-04 13:08:12,155 (DataPreprocessing) INFO Data File After handling missing data
2023-01-04 13:08:12,290 (DataPreprocessing) INFO Train dataframe
2023-01-04 13:08:12,306 (DataPreprocessing) INFO Test dataframe
2023-01-04 13:08:12,436 (DataPreprocessing) INFO [[0.7199314321591973, 0.7110127588722817, 1.161895003862225, -0.6210590034081188, -0.6210590034081188, 0.9486832980505138, -0.9486832980505138], [-1.6236751448696793, -1.3643758345927557, -0.7745966692414835, -0.6210590034081188, 1.4491376746189437, -0.9486832980505138, 0.9486832980505138], [-1.2100975136292893, -0.8455286862264964, -0.7745966692414835, 1.449137674618944, -0.6210590034081188, 0.9486832980505138, -0.9486832980505138], [-0.1072238303215827, -0.24020701313252713, -0.7745966692414835, -0.6210590034081188, 1.4491376746189437, 0.9486832980505138, -0.9486832980505138], [0.16849459050534396, 6.291849766254737e-16, -0.7745966692414835, 1.449137674618944, -0.6210590034081188, -0.9486832980505138, 0.9486832980505138], [-0.5208014615619727, -0.4996305873156568, 1.161895003862225, -0.6210590034081188, -0.6210590034081188, -0.9486832980505138, 0.9486832980505138], [0.0, -1.0184777356819161, -0.7745966692414835, -0.6210590034081188, 1.4491376746189437, 0.9486832980505138, -0.9486832980505138], [1.2713682738130507, 1.3163344319662509, 1.161895003862225, -0.6210590034081188, -0.6210590034081188, -0.9486832980505138, 0.9486832980505138], [1.5470866946399773, 1.6622325308770904, -0.7745966692414835, 1.449137674618944, -0.6210590034081188, 0.9486832980505138, -0.9486832980505138], [-0.24508304073504605, 0.2786401352337322, 1.161895003862225, -0.6210590034081188, -0.6210590034081188, -0.9486832980505138, 0.9486832980505138]]
2023-01-04 13:12:41,194 (DataPreprocessing) INFO Data File before handling missing data
2023-01-04 13:12:41,214 (DataPreprocessing) INFO Data File After handling missing data
2023-01-04 13:12:41,363 (DataPreprocessing) INFO Train dataframe
2023-01-04 13:12:41,375 (DataPreprocessing) INFO Test dataframe
2023-01-04 13:12:41,450 (DataPreprocessing) INFO [[0.7199314321591973, 0.7110127588722817, 1.161895003862225, -0.6210590034081188, -0.6210590034081188, 0.9486832980505138, -0.9486832980505138], [-1.6236751448696793, -1.3643758345927557, -0.7745966692414835, -0.6210590034081188, 1.4491376746189437, -0.9486832980505138, 0.9486832980505138], [-1.2100975136292893, -0.8455286862264964, -0.7745966692414835, 1.449137674618944, -0.6210590034081188, 0.9486832980505138, -0.9486832980505138], [-0.1072238303215827, -0.24020701313252713, -0.7745966692414835, -0.6210590034081188, 1.4491376746189437, 0.9486832980505138, -0.9486832980505138], [0.16849459050534396, 6.291849766254737e-16, -0.7745966692414835, 1.449137674618944, -0.6210590034081188, -0.9486832980505138, 0.9486832980505138], [-0.5208014615619727, -0.4996305873156568, 1.161895003862225, -0.6210590034081188, -0.6210590034081188, -0.9486832980505138, 0.9486832980505138], [0.0, -1.0184777356819161, -0.7745966692414835, -0.6210590034081188, 1.4491376746189437, 0.9486832980505138, -0.9486832980505138], [1.2713682738130507, 1.3163344319662509, 1.161895003862225, -0.6210590034081188, -0.6210590034081188, -0.9486832980505138, 0.9486832980505138], [1.5470866946399773, 1.6622325308770904, -0.7745966692414835, 1.449137674618944, -0.6210590034081188, 0.9486832980505138, -0.9486832980505138], [-0.24508304073504605, 0.2786401352337322, 1.161895003862225, -0.6210590034081188, -0.6210590034081188, -0.9486832980505138, 0.9486832980505138]]
2023-01-05 13:08:23,753 (DataPreprocessing) INFO Data File before handling missing data
2023-01-05 13:08:23,764 (DataPreprocessing) INFO Data File After handling missing data
2023-01-05 13:08:23,829 (DataPreprocessing) INFO Train dataframe
2023-01-05 13:08:23,834 (DataPreprocessing) INFO Test dataframe
2023-01-05 13:08:23,874 (DataPreprocessing) INFO [[0.7199314321591973, 0.7110127588722817, 1.161895003862225, -0.6210590034081188, -0.6210590034081188, 0.9486832980505138, -0.9486832980505138], [-1.6236751448696793, -1.3643758345927557, -0.7745966692414835, -0.6210590034081188, 1.4491376746189437, -0.9486832980505138, 0.9486832980505138], [-1.2100975136292893, -0.8455286862264964, -0.7745966692414835, 1.449137674618944, -0.6210590034081188, 0.9486832980505138, -0.9486832980505138], [-0.1072238303215827, -0.24020701313252713, -0.7745966692414835, -0.6210590034081188, 1.4491376746189437, 0.9486832980505138, -0.9486832980505138], [0.16849459050534396, 6.291849766254737e-16, -0.7745966692414835, 1.449137674618944, -0.6210590034081188, -0.9486832980505138, 0.9486832980505138], [-0.5208014615619727, -0.4996305873156568, 1.161895003862225, -0.6210590034081188, -0.6210590034081188, -0.9486832980505138, 0.9486832980505138], [0.0, -1.0184777356819161, -0.7745966692414835, -0.6210590034081188, 1.4491376746189437, 0.9486832980505138, -0.9486832980505138], [1.2713682738130507, 1.3163344319662509, 1.161895003862225, -0.6210590034081188, -0.6210590034081188, -0.9486832980505138, 0.9486832980505138], [1.5470866946399773, 1.6622325308770904, -0.7745966692414835, 1.449137674618944, -0.6210590034081188, 0.9486832980505138, -0.9486832980505138], [-0.24508304073504605, 0.2786401352337322, 1.161895003862225, -0.6210590034081188, -0.6210590034081188, -0.9486832980505138, 0.9486832980505138]]
2023-01-12 23:48:36,208 (DataPreprocessing) INFO Data File before handling missing data
2023-01-12 23:48:36,235 (DataPreprocessing) INFO Data File After handling missing data
2023-01-12 23:48:36,614 (DataPreprocessing) INFO Train dataframe
2023-01-12 23:48:36,629 (DataPreprocessing) INFO Test dataframe
2023-01-12 23:48:36,716 (DataPreprocessing) INFO [[0.7199314321591973, 0.7110127588722817, 1.161895003862225, -0.6210590034081188, -0.6210590034081188, 0.9486832980505138, -0.9486832980505138], [-1.6236751448696793, -1.3643758345927557, -0.7745966692414835, -0.6210590034081188, 1.4491376746189437, -0.9486832980505138, 0.9486832980505138], [-1.2100975136292893, -0.8455286862264964, -0.7745966692414835, 1.449137674618944, -0.6210590034081188, 0.9486832980505138, -0.9486832980505138], [-0.1072238303215827, -0.24020701313252713, -0.7745966692414835, -0.6210590034081188, 1.4491376746189437, 0.9486832980505138, -0.9486832980505138], [0.16849459050534396, 6.291849766254737e-16, -0.7745966692414835, 1.449137674618944, -0.6210590034081188, -0.9486832980505138, 0.9486832980505138], [-0.5208014615619727, -0.4996305873156568, 1.161895003862225, -0.6210590034081188, -0.6210590034081188, -0.9486832980505138, 0.9486832980505138], [0.0, -1.0184777356819161, -0.7745966692414835, -0.6210590034081188, 1.4491376746189437, 0.9486832980505138, -0.9486832980505138], [1.2713682738130507, 1.3163344319662509, 1.161895003862225, -0.6210590034081188, -0.6210590034081188, -0.9486832980505138, 0.9486832980505138], [1.5470866946399773, 1.6622325308770904, -0.7745966692414835, 1.449137674618944, -0.6210590034081188, 0.9486832980505138, -0.9486832980505138], [-0.24508304073504605, 0.2786401352337322, 1.161895003862225, -0.6210590034081188, -0.6210590034081188, -0.9486832980505138, 0.9486832980505138]]
